# JRE version: Java(TM) SE Runtime Environment (8.0_152-b16) (build 1.8.0_152-b16)
# Java VM: Java HotSpot(TM) 64-Bit Server VM (25.152-b16 mixed mode windows-amd64 compressed oops)
Heap:
 PSYoungGen      total 133632K, used 43755K [0x00000000f5580000, 0x00000000fff00000, 0x0000000100000000)
  eden space 92672K, 34% used [0x00000000f5580000,0x00000000f7491840,0x00000000fb000000)
  from space 40960K, 29% used [0x00000000fb000000,0x00000000fbba9480,0x00000000fd800000)
  to   space 39936K, 0% used [0x00000000fd800000,0x00000000fd800000,0x00000000fff00000)
 ParOldGen       total 313344K, used 146158K [0x00000000e0000000, 0x00000000f3200000, 0x00000000f5580000)
  object space 313344K, 46% used [0x00000000e0000000,0x00000000e8ebbba8,0x00000000f3200000)
 Metaspace       used 110421K, capacity 118696K, committed 118848K, reserved 1150976K
  class space    used 15004K, capacity 16657K, committed 16768K, reserved 1048576K
GC Heap History (10 events):
Event: 190.710 GC heap before
{Heap before GC invocations=29 (full 4):
 PSYoungGen      total 135680K, used 131627K [0x00000000f5580000, 0x0000000100000000, 0x0000000100000000)
  eden space 104960K, 100% used [0x00000000f5580000,0x00000000fbc00000,0x00000000fbc00000)
  from space 30720K, 86% used [0x00000000fe200000,0x00000000ffc0aed0,0x0000000100000000)
  to   space 34816K, 0% used [0x00000000fbc00000,0x00000000fbc00000,0x00000000fde00000)
 ParOldGen       total 313344K, used 118542K [0x00000000e0000000, 0x00000000f3200000, 0x00000000f5580000)
  object space 313344K, 37% used [0x00000000e0000000,0x00000000e73c3a10,0x00000000f3200000)
 Metaspace       used 106264K, capacity 114314K, committed 114368K, reserved 1146880K
  class space    used 14452K, capacity 16076K, committed 16128K, reserved 1048576K
Event: 190.769 GC heap after
Heap after GC invocations=29 (full 4):
 PSYoungGen      total 139776K, used 17194K [0x00000000f5580000, 0x0000000100000000, 0x0000000100000000)
  eden space 104960K, 0% used [0x00000000f5580000,0x00000000f5580000,0x00000000fbc00000)
  from space 34816K, 49% used [0x00000000fbc00000,0x00000000fcccaa68,0x00000000fde00000)
  to   space 33792K, 0% used [0x00000000fdf00000,0x00000000fdf00000,0x0000000100000000)
 ParOldGen       total 313344K, used 123792K [0x00000000e0000000, 0x00000000f3200000, 0x00000000f5580000)
  object space 313344K, 39% used [0x00000000e0000000,0x00000000e78e4060,0x00000000f3200000)
 Metaspace       used 106264K, capacity 114314K, committed 114368K, reserved 1146880K
  class space    used 14452K, capacity 16076K, committed 16128K, reserved 1048576K
}
Event: 197.383 GC heap before
{Heap before GC invocations=30 (full 4):
 PSYoungGen      total 139776K, used 122154K [0x00000000f5580000, 0x0000000100000000, 0x0000000100000000)
  eden space 104960K, 100% used [0x00000000f5580000,0x00000000fbc00000,0x00000000fbc00000)
  from space 34816K, 49% used [0x00000000fbc00000,0x00000000fcccaa68,0x00000000fde00000)
  to   space 33792K, 0% used [0x00000000fdf00000,0x00000000fdf00000,0x0000000100000000)
 ParOldGen       total 313344K, used 123792K [0x00000000e0000000, 0x00000000f3200000, 0x00000000f5580000)
  object space 313344K, 39% used [0x00000000e0000000,0x00000000e78e4060,0x00000000f3200000)
 Metaspace       used 107057K, capacity 114996K, committed 115136K, reserved 1148928K
  class space    used 14533K, capacity 16105K, committed 16128K, reserved 1048576K
Event: 197.432 GC heap after
Heap after GC invocations=30 (full 4):
 PSYoungGen      total 132608K, used 30621K [0x00000000f5580000, 0x0000000100000000, 0x0000000100000000)
  eden space 98816K, 0% used [0x00000000f5580000,0x00000000f5580000,0x00000000fb600000)
  from space 33792K, 90% used [0x00000000fdf00000,0x00000000ffce7610,0x0000000100000000)
  to   space 37888K, 0% used [0x00000000fb600000,0x00000000fb600000,0x00000000fdb00000)
 ParOldGen       total 313344K, used 123800K [0x00000000e0000000, 0x00000000f3200000, 0x00000000f5580000)
  object space 313344K, 39% used [0x00000000e0000000,0x00000000e78e6060,0x00000000f3200000)
 Metaspace       used 107057K, capacity 114996K, committed 115136K, reserved 1148928K
  class space    used 14533K, capacity 16105K, committed 16128K, reserved 1048576K
}
Event: 203.621 GC heap before
{Heap before GC invocations=31 (full 4):
 PSYoungGen      total 132608K, used 129437K [0x00000000f5580000, 0x0000000100000000, 0x0000000100000000)
  eden space 98816K, 100% used [0x00000000f5580000,0x00000000fb600000,0x00000000fb600000)
  from space 33792K, 90% used [0x00000000fdf00000,0x00000000ffce7610,0x0000000100000000)
  to   space 37888K, 0% used [0x00000000fb600000,0x00000000fb600000,0x00000000fdb00000)
 ParOldGen       total 313344K, used 123800K [0x00000000e0000000, 0x00000000f3200000, 0x00000000f5580000)
  object space 313344K, 39% used [0x00000000e0000000,0x00000000e78e6060,0x00000000f3200000)
 Metaspace       used 107859K, capacity 115974K, committed 116032K, reserved 1148928K
  class space    used 14618K, capacity 16246K, committed 16256K, reserved 1048576K
Event: 204.143 GC heap after
Heap after GC invocations=31 (full 4):
 PSYoungGen      total 134656K, used 35444K [0x00000000f5580000, 0x0000000100000000, 0x0000000100000000)
  eden space 98816K, 0% used [0x00000000f5580000,0x00000000f5580000,0x00000000fb600000)
  from space 35840K, 98% used [0x00000000fb600000,0x00000000fd89d0e8,0x00000000fd900000)
  to   space 39936K, 0% used [0x00000000fd900000,0x00000000fd900000,0x0000000100000000)
 ParOldGen       total 313344K, used 123808K [0x00000000e0000000, 0x00000000f3200000, 0x00000000f5580000)
  object space 313344K, 39% used [0x00000000e0000000,0x00000000e78e8060,0x00000000f3200000)
 Metaspace       used 107859K, capacity 115974K, committed 116032K, reserved 1148928K
  class space    used 14618K, capacity 16246K, committed 16256K, reserved 1048576K
}
Event: 256.275 GC heap before
{Heap before GC invocations=32 (full 4):
 PSYoungGen      total 134656K, used 134260K [0x00000000f5580000, 0x0000000100000000, 0x0000000100000000)
  eden space 98816K, 100% used [0x00000000f5580000,0x00000000fb600000,0x00000000fb600000)
  from space 35840K, 98% used [0x00000000fb600000,0x00000000fd89d0e8,0x00000000fd900000)
  to   space 39936K, 0% used [0x00000000fd900000,0x00000000fd900000,0x0000000100000000)
 ParOldGen       total 313344K, used 123808K [0x00000000e0000000, 0x00000000f3200000, 0x00000000f5580000)
  object space 313344K, 39% used [0x00000000e0000000,0x00000000e78e8060,0x00000000f3200000)
 Metaspace       used 108862K, capacity 117006K, committed 117312K, reserved 1150976K
  class space    used 14776K, capacity 16402K, committed 16512K, reserved 1048576K
Event: 256.311 GC heap after
Heap after GC invocations=32 (full 4):
 PSYoungGen      total 132608K, used 13808K [0x00000000f5580000, 0x0000000100000000, 0x0000000100000000)
  eden space 92672K, 0% used [0x00000000f5580000,0x00000000f5580000,0x00000000fb000000)
  from space 39936K, 34% used [0x00000000fd900000,0x00000000fe67c160,0x0000000100000000)
  to   space 40960K, 0% used [0x00000000fb000000,0x00000000fb000000,0x00000000fd800000)
 ParOldGen       total 313344K, used 133738K [0x00000000e0000000, 0x00000000f3200000, 0x00000000f5580000)
  object space 313344K, 42% used [0x00000000e0000000,0x00000000e829a9c0,0x00000000f3200000)
 Metaspace       used 108862K, capacity 117006K, committed 117312K, reserved 1150976K
  class space    used 14776K, capacity 16402K, committed 16512K, reserved 1048576K
}
Event: 297.200 GC heap before
{Heap before GC invocations=33 (full 4):
 PSYoungGen      total 132608K, used 105732K [0x00000000f5580000, 0x0000000100000000, 0x0000000100000000)
  eden space 92672K, 99% used [0x00000000f5580000,0x00000000faf45068,0x00000000fb000000)
  from space 39936K, 34% used [0x00000000fd900000,0x00000000fe67c160,0x0000000100000000)
  to   space 40960K, 0% used [0x00000000fb000000,0x00000000fb000000,0x00000000fd800000)
 ParOldGen       total 313344K, used 133738K [0x00000000e0000000, 0x00000000f3200000, 0x00000000f5580000)
  object space 313344K, 42% used [0x00000000e0000000,0x00000000e829a9c0,0x00000000f3200000)
 Metaspace       used 110398K, capacity 118632K, committed 118848K, reserved 1150976K
  class space    used 15004K, capacity 16657K, committed 16768K, reserved 1048576K
Event: 297.272 GC heap after
Heap after GC invocations=33 (full 4):
 PSYoungGen      total 133632K, used 11941K [0x00000000f5580000, 0x00000000fff00000, 0x0000000100000000)
  eden space 92672K, 0% used [0x00000000f5580000,0x00000000f5580000,0x00000000fb000000)
  from space 40960K, 29% used [0x00000000fb000000,0x00000000fbba9480,0x00000000fd800000)
  to   space 39936K, 0% used [0x00000000fd800000,0x00000000fd800000,0x00000000fff00000)
 ParOldGen       total 313344K, used 146158K [0x00000000e0000000, 0x00000000f3200000, 0x00000000f5580000)
  object space 313344K, 46% used [0x00000000e0000000,0x00000000e8ebbba8,0x00000000f3200000)
 Metaspace       used 110398K, capacity 118632K, committed 118848K, reserved 1150976K
  class space    used 15004K, capacity 16657K, committed 16768K, reserved 1048576K
}

