# JRE version: Java(TM) SE Runtime Environment (8.0_152-b16) (build 1.8.0_152-b16)
# Java VM: Java HotSpot(TM) 64-Bit Server VM (25.152-b16 mixed mode windows-amd64 compressed oops)
Heap:
 PSYoungGen      total 71680K, used 16235K [0x00000000d5d00000, 0x00000000da800000, 0x0000000100000000)
  eden space 66560K, 24% used [0x00000000d5d00000,0x00000000d6cdade8,0x00000000d9e00000)
  from space 5120K, 0% used [0x00000000d9e00000,0x00000000d9e00000,0x00000000da300000)
  to   space 5120K, 0% used [0x00000000da300000,0x00000000da300000,0x00000000da800000)
 ParOldGen       total 80896K, used 25877K [0x0000000081600000, 0x0000000086500000, 0x00000000d5d00000)
  object space 80896K, 31% used [0x0000000081600000,0x0000000082f45618,0x0000000086500000)
 Metaspace       used 37584K, capacity 38241K, committed 38656K, reserved 1083392K
  class space    used 4804K, capacity 5007K, committed 5120K, reserved 1048576K
GC Heap History (10 events):
Event: 1.782 GC heap before
{Heap before GC invocations=3 (full 0):
 PSYoungGen      total 71680K, used 29623K [0x00000000d5d00000, 0x00000000da800000, 0x0000000100000000)
  eden space 66560K, 36% used [0x00000000d5d00000,0x00000000d74f56b8,0x00000000d9e00000)
  from space 5120K, 99% used [0x00000000da300000,0x00000000da7f8850,0x00000000da800000)
  to   space 5120K, 0% used [0x00000000d9e00000,0x00000000d9e00000,0x00000000da300000)
 ParOldGen       total 87552K, used 6973K [0x0000000081600000, 0x0000000086b80000, 0x00000000d5d00000)
  object space 87552K, 7% used [0x0000000081600000,0x0000000081ccf710,0x0000000086b80000)
 Metaspace       used 20680K, capacity 21052K, committed 21296K, reserved 1069056K
  class space    used 2443K, capacity 2582K, committed 2688K, reserved 1048576K
Event: 1.812 GC heap after
Heap after GC invocations=3 (full 0):
 PSYoungGen      total 71680K, used 5102K [0x00000000d5d00000, 0x00000000da800000, 0x0000000100000000)
  eden space 66560K, 0% used [0x00000000d5d00000,0x00000000d5d00000,0x00000000d9e00000)
  from space 5120K, 99% used [0x00000000d9e00000,0x00000000da2fb860,0x00000000da300000)
  to   space 5120K, 0% used [0x00000000da300000,0x00000000da300000,0x00000000da800000)
 ParOldGen       total 87552K, used 17389K [0x0000000081600000, 0x0000000086b80000, 0x00000000d5d00000)
  object space 87552K, 19% used [0x0000000081600000,0x00000000826fb558,0x0000000086b80000)
 Metaspace       used 20680K, capacity 21052K, committed 21296K, reserved 1069056K
  class space    used 2443K, capacity 2582K, committed 2688K, reserved 1048576K
}
Event: 1.812 GC heap before
{Heap before GC invocations=4 (full 1):
 PSYoungGen      total 71680K, used 5102K [0x00000000d5d00000, 0x00000000da800000, 0x0000000100000000)
  eden space 66560K, 0% used [0x00000000d5d00000,0x00000000d5d00000,0x00000000d9e00000)
  from space 5120K, 99% used [0x00000000d9e00000,0x00000000da2fb860,0x00000000da300000)
  to   space 5120K, 0% used [0x00000000da300000,0x00000000da300000,0x00000000da800000)
 ParOldGen       total 87552K, used 17389K [0x0000000081600000, 0x0000000086b80000, 0x00000000d5d00000)
  object space 87552K, 19% used [0x0000000081600000,0x00000000826fb558,0x0000000086b80000)
 Metaspace       used 20680K, capacity 21052K, committed 21296K, reserved 1069056K
  class space    used 2443K, capacity 2582K, committed 2688K, reserved 1048576K
Event: 1.899 GC heap after
Heap after GC invocations=4 (full 1):
 PSYoungGen      total 71680K, used 0K [0x00000000d5d00000, 0x00000000da800000, 0x0000000100000000)
  eden space 66560K, 0% used [0x00000000d5d00000,0x00000000d5d00000,0x00000000d9e00000)
  from space 5120K, 0% used [0x00000000d9e00000,0x00000000d9e00000,0x00000000da300000)
  to   space 5120K, 0% used [0x00000000da300000,0x00000000da300000,0x00000000da800000)
 ParOldGen       total 80896K, used 15373K [0x0000000081600000, 0x0000000086500000, 0x00000000d5d00000)
  object space 80896K, 19% used [0x0000000081600000,0x0000000082503600,0x0000000086500000)
 Metaspace       used 20680K, capacity 21052K, committed 21296K, reserved 1069056K
  class space    used 2443K, capacity 2582K, committed 2688K, reserved 1048576K
}
Event: 3.249 GC heap before
{Heap before GC invocations=5 (full 1):
 PSYoungGen      total 71680K, used 66560K [0x00000000d5d00000, 0x00000000da800000, 0x0000000100000000)
  eden space 66560K, 100% used [0x00000000d5d00000,0x00000000d9e00000,0x00000000d9e00000)
  from space 5120K, 0% used [0x00000000d9e00000,0x00000000d9e00000,0x00000000da300000)
  to   space 5120K, 0% used [0x00000000da300000,0x00000000da300000,0x00000000da800000)
 ParOldGen       total 80896K, used 15373K [0x0000000081600000, 0x0000000086500000, 0x00000000d5d00000)
  object space 80896K, 19% used [0x0000000081600000,0x0000000082503600,0x0000000086500000)
 Metaspace       used 30581K, capacity 31194K, committed 31488K, reserved 1077248K
  class space    used 4126K, capacity 4317K, committed 4352K, reserved 1048576K
Event: 3.261 GC heap after
Heap after GC invocations=5 (full 1):
 PSYoungGen      total 71680K, used 5091K [0x00000000d5d00000, 0x00000000da800000, 0x0000000100000000)
  eden space 66560K, 0% used [0x00000000d5d00000,0x00000000d5d00000,0x00000000d9e00000)
  from space 5120K, 99% used [0x00000000da300000,0x00000000da7f8c70,0x00000000da800000)
  to   space 5120K, 0% used [0x00000000d9e00000,0x00000000d9e00000,0x00000000da300000)
 ParOldGen       total 80896K, used 25752K [0x0000000081600000, 0x0000000086500000, 0x00000000d5d00000)
  object space 80896K, 31% used [0x0000000081600000,0x0000000082f26160,0x0000000086500000)
 Metaspace       used 30581K, capacity 31194K, committed 31488K, reserved 1077248K
  class space    used 4126K, capacity 4317K, committed 4352K, reserved 1048576K
}
Event: 3.547 GC heap before
{Heap before GC invocations=6 (full 1):
 PSYoungGen      total 71680K, used 30587K [0x00000000d5d00000, 0x00000000da800000, 0x0000000100000000)
  eden space 66560K, 38% used [0x00000000d5d00000,0x00000000d75e6098,0x00000000d9e00000)
  from space 5120K, 99% used [0x00000000da300000,0x00000000da7f8c70,0x00000000da800000)
  to   space 5120K, 0% used [0x00000000d9e00000,0x00000000d9e00000,0x00000000da300000)
 ParOldGen       total 80896K, used 25752K [0x0000000081600000, 0x0000000086500000, 0x00000000d5d00000)
  object space 80896K, 31% used [0x0000000081600000,0x0000000082f26160,0x0000000086500000)
 Metaspace       used 34590K, capacity 35156K, committed 35456K, reserved 1079296K
  class space    used 4479K, capacity 4674K, committed 4736K, reserved 1048576K
Event: 3.555 GC heap after
Heap after GC invocations=6 (full 1):
 PSYoungGen      total 71680K, used 5091K [0x00000000d5d00000, 0x00000000da800000, 0x0000000100000000)
  eden space 66560K, 0% used [0x00000000d5d00000,0x00000000d5d00000,0x00000000d9e00000)
  from space 5120K, 99% used [0x00000000d9e00000,0x00000000da2f8c70,0x00000000da300000)
  to   space 5120K, 0% used [0x00000000da300000,0x00000000da300000,0x00000000da800000)
 ParOldGen       total 80896K, used 32993K [0x0000000081600000, 0x0000000086500000, 0x00000000d5d00000)
  object space 80896K, 40% used [0x0000000081600000,0x0000000083638418,0x0000000086500000)
 Metaspace       used 34590K, capacity 35156K, committed 35456K, reserved 1079296K
  class space    used 4479K, capacity 4674K, committed 4736K, reserved 1048576K
}
Event: 3.555 GC heap before
{Heap before GC invocations=7 (full 2):
 PSYoungGen      total 71680K, used 5091K [0x00000000d5d00000, 0x00000000da800000, 0x0000000100000000)
  eden space 66560K, 0% used [0x00000000d5d00000,0x00000000d5d00000,0x00000000d9e00000)
  from space 5120K, 99% used [0x00000000d9e00000,0x00000000da2f8c70,0x00000000da300000)
  to   space 5120K, 0% used [0x00000000da300000,0x00000000da300000,0x00000000da800000)
 ParOldGen       total 80896K, used 32993K [0x0000000081600000, 0x0000000086500000, 0x00000000d5d00000)
  object space 80896K, 40% used [0x0000000081600000,0x0000000083638418,0x0000000086500000)
 Metaspace       used 34590K, capacity 35156K, committed 35456K, reserved 1079296K
  class space    used 4479K, capacity 4674K, committed 4736K, reserved 1048576K
Event: 3.627 GC heap after
Heap after GC invocations=7 (full 2):
 PSYoungGen      total 71680K, used 0K [0x00000000d5d00000, 0x00000000da800000, 0x0000000100000000)
  eden space 66560K, 0% used [0x00000000d5d00000,0x00000000d5d00000,0x00000000d9e00000)
  from space 5120K, 0% used [0x00000000d9e00000,0x00000000d9e00000,0x00000000da300000)
  to   space 5120K, 0% used [0x00000000da300000,0x00000000da300000,0x00000000da800000)
 ParOldGen       total 80896K, used 25877K [0x0000000081600000, 0x0000000086500000, 0x00000000d5d00000)
  object space 80896K, 31% used [0x0000000081600000,0x0000000082f45618,0x0000000086500000)
 Metaspace       used 34590K, capacity 35156K, committed 35456K, reserved 1079296K
  class space    used 4479K, capacity 4674K, committed 4736K, reserved 1048576K
}

